                              1 ;;; gcc for m6809 : Mar 17 2019 13:25:32
                              2 ;;; 4.3.6 (gcc6809)
                              3 ;;; ABI version 1
                              4 ;;; -mabi=bx -mint8 -fomit-frame-pointer -O0
                              5 	.module	stop_music.c
                              6 	.area	.text
                              7 	.globl	_stop_music
   0000                       8 _stop_music:
   0000 7F`00`00      [ 7]    9 	clr	_Vec_Music_Flag
   0003 8E`00`00      [ 3]   10 	ldx	#_music_off
   0006 BF`00`00      [ 6]   11 	stx	_current_music
   0009 39            [ 5]   12 	rts
ASxxxx Assembler V05.31  (Motorola 6809)                                Page 1
Hexadecimal [16-Bits]                                 Tue Mar 23 19:32:39 2021

Symbol Table

    .__.$$$.       =   2710 L   |     .__.ABS.       =   0000 G
    .__.CPU.       =   0000 L   |     .__.H$L.       =   0001 L
    _Vec_Music_Fla     **** GX  |     _current_music     **** GX
    _music_off         **** GX  |   2 _stop_music        0000 GR

ASxxxx Assembler V05.31  (Motorola 6809)                                Page 2
Hexadecimal [16-Bits]                                 Tue Mar 23 19:32:39 2021

Area Table

[_CSEG]
   0 _CODE            size    0   flags C080
   2 .text            size    A   flags  100
[_DSEG]
   1 _DATA            size    0   flags C0C0

