                              1 ;;; gcc for m6809 : Mar 17 2019 13:25:32
                              2 ;;; 4.3.6 (gcc6809)
                              3 ;;; ABI version 1
                              4 ;;; -mabi=bx -mint8 -fomit-frame-pointer -O0
                              5 	.module	print_long_unsigned_int.c
                              6 	.area	.text
                              7 	.globl	_print_long_unsigned_int
   0000                       8 _print_long_unsigned_int:
   0000 34 20         [ 6]    9 	pshs	y
   0002 32 E8 ED      [ 5]   10 	leas	-19,s
   0005 E7 67         [ 5]   11 	stb	7,s
   0007 AF 65         [ 6]   12 	stx	5,s
   0009 C6 80         [ 2]   13 	ldb	#-128
   000B E7 6D         [ 5]   14 	stb	13,s
   000D C6 04         [ 2]   15 	ldb	#4
   000F E7 6E         [ 5]   16 	stb	14,s
   0011                      17 L2:
   0011 E6 6E         [ 5]   18 	ldb	14,s
   0013 E7 63         [ 5]   19 	stb	3,s
   0015 10 AE 65      [ 7]   20 	ldy	5,s
   0018 8E 00 0A      [ 3]   21 	ldx	#10
   001B 34 10         [ 6]   22 	pshs	x
   001D 30 A4         [ 4]   23 	leax	,y
   001F BD`00`00      [ 8]   24 	jsr	_umodhi3
   0022 32 62         [ 5]   25 	leas	2,s
   0024 1F 10         [ 6]   26 	tfr	x,d	;movlsbqihi: R:x -> R:b
   0026 E7 62         [ 5]   27 	stb	2,s
   0028 E6 62         [ 5]   28 	ldb	2,s
   002A CB 30         [ 2]   29 	addb	#48
   002C E7 64         [ 5]   30 	stb	4,s
   002E E6 63         [ 5]   31 	ldb	3,s
   0030 4F            [ 2]   32 	clra		;zero_extendqihi: R:b -> R:d
   0031 ED E4         [ 5]   33 	std	,s
   0033 30 68         [ 5]   34 	leax	8,s
   0035 1E 01         [ 8]   35 	exg	d,x
   0037 E3 E4         [ 6]   36 	addd	,s; addhi3,3
   0039 1E 01         [ 8]   37 	exg	d,x
   003B E6 64         [ 5]   38 	ldb	4,s
   003D E7 84         [ 4]   39 	stb	,x
   003F 6A 6E         [ 7]   40 	dec	14,s
   0041 10 AE 65      [ 7]   41 	ldy	5,s
   0044 8E 00 0A      [ 3]   42 	ldx	#10
   0047 34 10         [ 6]   43 	pshs	x
   0049 30 A4         [ 4]   44 	leax	,y
   004B BD`00`00      [ 8]   45 	jsr	_udivhi3
   004E 32 62         [ 5]   46 	leas	2,s
   0050 AF 65         [ 6]   47 	stx	5,s
   0052 E6 6E         [ 5]   48 	ldb	14,s
   0054 C1 FF         [ 2]   49 	cmpb	#-1	;cmpqi:
   0056 26 B9         [ 3]   50 	bne	L2
   0058 E6 67         [ 5]   51 	ldb	7,s
   005A E7 E8 10      [ 5]   52 	stb	16,s
   005D E6 E8 17      [ 5]   53 	ldb	23,s
   0060 E7 6F         [ 5]   54 	stb	15,s
   0062 BD`00`00      [ 8]   55 	jsr	___Reset0Ref
   0065 C6 7F         [ 2]   56 	ldb	#127
   0067 D7`00         [ 4]   57 	stb	*_dp_VIA_t1_cnt_lo
   0069 E6 E8 10      [ 5]   58 	ldb	16,s
   006C E7 E8 12      [ 5]   59 	stb	18,s
   006F E6 6F         [ 5]   60 	ldb	15,s
   0071 E7 E8 11      [ 5]   61 	stb	17,s
   0074 E6 E8 12      [ 5]   62 	ldb	18,s
   0077 E7 E2         [ 6]   63 	stb	,-s
   0079 E6 E8 12      [ 5]   64 	ldb	18,s
   007C BD`00`00      [ 8]   65 	jsr	__Moveto_d
   007F 32 61         [ 5]   66 	leas	1,s
   0081 30 68         [ 5]   67 	leax	8,s
   0083 BD`00`00      [ 8]   68 	jsr	__Print_Str
   0086 32 E8 13      [ 5]   69 	leas	19,s
   0089 35 A0         [ 7]   70 	puls	y,pc
ASxxxx Assembler V05.31  (Motorola 6809)                                Page 1
Hexadecimal [16-Bits]                                 Tue Mar 23 20:07:04 2021

Symbol Table

    .__.$$$.       =   2710 L   |     .__.ABS.       =   0000 G
    .__.CPU.       =   0000 L   |     .__.H$L.       =   0001 L
  2 L2                 0011 R   |     __Moveto_d         **** GX
    __Print_Str        **** GX  |     ___Reset0Ref       **** GX
    _dp_VIA_t1_cnt     **** GX  |   2 _print_long_un     0000 GR
    _udivhi3           **** GX  |     _umodhi3           **** GX

ASxxxx Assembler V05.31  (Motorola 6809)                                Page 2
Hexadecimal [16-Bits]                                 Tue Mar 23 20:07:04 2021

Area Table

[_CSEG]
   0 _CODE            size    0   flags C080
   2 .text            size   8B   flags  100
[_DSEG]
   1 _DATA            size    0   flags C0C0

