                              1 ;;; gcc for m6809 : Mar 17 2019 13:25:32
                              2 ;;; 4.3.6 (gcc6809)
                              3 ;;; ABI version 1
                              4 ;;; -mabi=bx -mint8 -fomit-frame-pointer -O0
                              5 	.module	print_string.c
                              6 	.area	.text
                              7 	.globl	_print_string
   0000                       8 _print_string:
   0000 32 77         [ 5]    9 	leas	-9,s
   0002 E7 62         [ 5]   10 	stb	2,s
   0004 AF E4         [ 5]   11 	stx	,s
   0006 E6 62         [ 5]   12 	ldb	2,s
   0008 E7 64         [ 5]   13 	stb	4,s
   000A E6 6B         [ 5]   14 	ldb	11,s
   000C E7 63         [ 5]   15 	stb	3,s
   000E BD`00`00      [ 8]   16 	jsr	___Reset0Ref
   0011 C6 7F         [ 2]   17 	ldb	#127
   0013 D7`00         [ 4]   18 	stb	*_dp_VIA_t1_cnt_lo
   0015 E6 64         [ 5]   19 	ldb	4,s
   0017 E7 66         [ 5]   20 	stb	6,s
   0019 E6 63         [ 5]   21 	ldb	3,s
   001B E7 65         [ 5]   22 	stb	5,s
   001D E6 66         [ 5]   23 	ldb	6,s
   001F E7 E2         [ 6]   24 	stb	,-s
   0021 E6 66         [ 5]   25 	ldb	6,s
   0023 BD`00`00      [ 8]   26 	jsr	__Moveto_d
   0026 32 61         [ 5]   27 	leas	1,s
   0028 AE E4         [ 5]   28 	ldx	,s
   002A AF 67         [ 6]   29 	stx	7,s
   002C AE 67         [ 6]   30 	ldx	7,s
   002E BD`00`00      [ 8]   31 	jsr	__Print_Str
   0031 32 69         [ 5]   32 	leas	9,s
   0033 39            [ 5]   33 	rts
ASxxxx Assembler V05.31  (Motorola 6809)                                Page 1
Hexadecimal [16-Bits]                                 Wed Mar 24 14:56:20 2021

Symbol Table

    .__.$$$.       =   2710 L   |     .__.ABS.       =   0000 G
    .__.CPU.       =   0000 L   |     .__.H$L.       =   0001 L
    __Moveto_d         **** GX  |     __Print_Str        **** GX
    ___Reset0Ref       **** GX  |     _dp_VIA_t1_cnt     **** GX
  2 _print_string      0000 GR

ASxxxx Assembler V05.31  (Motorola 6809)                                Page 2
Hexadecimal [16-Bits]                                 Wed Mar 24 14:56:20 2021

Area Table

[_CSEG]
   0 _CODE            size    0   flags C080
   2 .text            size   34   flags  100
[_DSEG]
   1 _DATA            size    0   flags C0C0

