                              1 ;;; gcc for m6809 : Mar 17 2019 13:25:32
                              2 ;;; 4.3.6 (gcc6809)
                              3 ;;; ABI version 1
                              4 ;;; -mabi=bx -mint8 -fomit-frame-pointer -O0
                              5 	.module	print_signed_int.c
                              6 	.area	.text
                              7 	.globl	_print_signed_int
   0000                       8 _print_signed_int:
   0000 32 E8 ED      [ 5]    9 	leas	-19,s
   0003 E7 67         [ 5]   10 	stb	7,s
   0005 6D E8 16      [ 7]   11 	tst	22,s
   0008 2C 06         [ 3]   12 	bge	L2
   000A C6 2D         [ 2]   13 	ldb	#45
   000C E7 63         [ 5]   14 	stb	3,s
   000E 20 04         [ 3]   15 	bra	L3
   0010                      16 L2:
   0010 C6 2B         [ 2]   17 	ldb	#43
   0012 E7 63         [ 5]   18 	stb	3,s
   0014                      19 L3:
   0014 E6 63         [ 5]   20 	ldb	3,s
   0016 E7 68         [ 5]   21 	stb	8,s
   0018 C6 80         [ 2]   22 	ldb	#-128
   001A E7 6C         [ 5]   23 	stb	12,s
   001C C6 03         [ 2]   24 	ldb	#3
   001E E7 6D         [ 5]   25 	stb	13,s
   0020 6D E8 16      [ 7]   26 	tst	22,s
   0023 2C 0C         [ 3]   27 	bge	L4
   0025 E6 E8 16      [ 5]   28 	ldb	22,s
   0028 E7 62         [ 5]   29 	stb	2,s
   002A E6 62         [ 5]   30 	ldb	2,s
   002C 50            [ 2]   31 	negb
   002D E7 64         [ 5]   32 	stb	4,s
   002F 20 05         [ 3]   33 	bra	L5
   0031                      34 L4:
   0031 E6 E8 16      [ 5]   35 	ldb	22,s
   0034 E7 64         [ 5]   36 	stb	4,s
   0036                      37 L5:
   0036 E6 64         [ 5]   38 	ldb	4,s
   0038 E7 6E         [ 5]   39 	stb	14,s
   003A                      40 L6:
   003A E6 6D         [ 5]   41 	ldb	13,s
   003C E7 65         [ 5]   42 	stb	5,s
   003E E6 6E         [ 5]   43 	ldb	14,s
   0040 4F            [ 2]   44 	clra		;zero_extendqihi: R:b -> R:d
   0041 ED E4         [ 5]   45 	std	,s
   0043 8E 00 0A      [ 3]   46 	ldx	#10
   0046 34 10         [ 6]   47 	pshs	x
   0048 AE 62         [ 6]   48 	ldx	2,s
   004A BD`00`00      [ 8]   49 	jsr	_umodhi3
   004D 32 62         [ 5]   50 	leas	2,s
   004F 1F 10         [ 6]   51 	tfr	x,d	;movlsbqihi: R:x -> R:b
   0051 E7 62         [ 5]   52 	stb	2,s
   0053 E6 62         [ 5]   53 	ldb	2,s
   0055 CB 30         [ 2]   54 	addb	#48
   0057 E7 66         [ 5]   55 	stb	6,s
   0059 E6 65         [ 5]   56 	ldb	5,s
   005B 4F            [ 2]   57 	clra		;zero_extendqihi: R:b -> R:d
   005C ED E4         [ 5]   58 	std	,s
   005E 30 68         [ 5]   59 	leax	8,s
   0060 1E 01         [ 8]   60 	exg	d,x
   0062 E3 E4         [ 6]   61 	addd	,s; addhi3,3
   0064 1E 01         [ 8]   62 	exg	d,x
   0066 E6 66         [ 5]   63 	ldb	6,s
   0068 E7 84         [ 4]   64 	stb	,x
   006A 6A 6D         [ 7]   65 	dec	13,s
   006C E6 6E         [ 5]   66 	ldb	14,s
   006E 4F            [ 2]   67 	clra		;zero_extendqihi: R:b -> R:d
   006F ED E4         [ 5]   68 	std	,s
   0071 8E 00 0A      [ 3]   69 	ldx	#10
   0074 34 10         [ 6]   70 	pshs	x
   0076 AE 62         [ 6]   71 	ldx	2,s
   0078 BD`00`00      [ 8]   72 	jsr	_udivhi3
   007B 32 62         [ 5]   73 	leas	2,s
   007D 1F 10         [ 6]   74 	tfr	x,d
   007F E7 6E         [ 5]   75 	stb	14,s	;movlsbqihi: R:d -> 14,s
   0081 6D 6D         [ 7]   76 	tst	13,s
   0083 26 B5         [ 3]   77 	bne	L6
   0085 E6 67         [ 5]   78 	ldb	7,s
   0087 E7 E8 10      [ 5]   79 	stb	16,s
   008A E6 E8 15      [ 5]   80 	ldb	21,s
   008D E7 6F         [ 5]   81 	stb	15,s
   008F BD`00`00      [ 8]   82 	jsr	___Reset0Ref
   0092 C6 7F         [ 2]   83 	ldb	#127
   0094 D7`00         [ 4]   84 	stb	*_dp_VIA_t1_cnt_lo
   0096 E6 E8 10      [ 5]   85 	ldb	16,s
   0099 E7 E8 12      [ 5]   86 	stb	18,s
   009C E6 6F         [ 5]   87 	ldb	15,s
   009E E7 E8 11      [ 5]   88 	stb	17,s
   00A1 E6 E8 12      [ 5]   89 	ldb	18,s
   00A4 E7 E2         [ 6]   90 	stb	,-s
   00A6 E6 E8 12      [ 5]   91 	ldb	18,s
   00A9 BD`00`00      [ 8]   92 	jsr	__Moveto_d
   00AC 32 61         [ 5]   93 	leas	1,s
   00AE 30 68         [ 5]   94 	leax	8,s
   00B0 BD`00`00      [ 8]   95 	jsr	__Print_Str
   00B3 32 E8 13      [ 5]   96 	leas	19,s
   00B6 39            [ 5]   97 	rts
ASxxxx Assembler V05.31  (Motorola 6809)                                Page 1
Hexadecimal [16-Bits]                                 Wed Mar 24 14:56:20 2021

Symbol Table

    .__.$$$.       =   2710 L   |     .__.ABS.       =   0000 G
    .__.CPU.       =   0000 L   |     .__.H$L.       =   0001 L
  2 L2                 0010 R   |   2 L3                 0014 R
  2 L4                 0031 R   |   2 L5                 0036 R
  2 L6                 003A R   |     __Moveto_d         **** GX
    __Print_Str        **** GX  |     ___Reset0Ref       **** GX
    _dp_VIA_t1_cnt     **** GX  |   2 _print_signed_     0000 GR
    _udivhi3           **** GX  |     _umodhi3           **** GX

ASxxxx Assembler V05.31  (Motorola 6809)                                Page 2
Hexadecimal [16-Bits]                                 Wed Mar 24 14:56:20 2021

Area Table

[_CSEG]
   0 _CODE            size    0   flags C080
   2 .text            size   B7   flags  100
[_DSEG]
   1 _DATA            size    0   flags C0C0

