                              1 ;;; gcc for m6809 : Mar 17 2019 13:25:32
                              2 ;;; 4.3.6 (gcc6809)
                              3 ;;; ABI version 1
                              4 ;;; -mabi=bx -mint8 -fomit-frame-pointer -O0
                              5 	.module	print_long_binary.c
                              6 	.area	.text
                              7 	.globl	_print_long_binary
   0000                       8 _print_long_binary:
   0000 32 E8 E2      [ 5]    9 	leas	-30,s
   0003 E7 67         [ 5]   10 	stb	7,s
   0005 AF 65         [ 6]   11 	stx	5,s
   0007 C6 80         [ 2]   12 	ldb	#-128
   0009 E7 E8 18      [ 5]   13 	stb	24,s
   000C C6 0F         [ 2]   14 	ldb	#15
   000E E7 E8 19      [ 5]   15 	stb	25,s
   0011                      16 L2:
   0011 E6 E8 19      [ 5]   17 	ldb	25,s
   0014 E7 63         [ 5]   18 	stb	3,s
   0016 AE 65         [ 6]   19 	ldx	5,s
   0018 1F 10         [ 6]   20 	tfr	x,d	;movlsbqihi: R:x -> R:b
   001A E7 E4         [ 4]   21 	stb	,s
   001C C6 01         [ 2]   22 	ldb	#1
   001E E4 E4         [ 4]   23 	andb	,s
   0020 E7 62         [ 5]   24 	stb	2,s
   0022 E6 62         [ 5]   25 	ldb	2,s
   0024 CB 30         [ 2]   26 	addb	#48
   0026 E7 64         [ 5]   27 	stb	4,s
   0028 E6 63         [ 5]   28 	ldb	3,s
   002A 4F            [ 2]   29 	clra		;zero_extendqihi: R:b -> R:d
   002B ED E4         [ 5]   30 	std	,s
   002D 30 68         [ 5]   31 	leax	8,s
   002F 1E 01         [ 8]   32 	exg	d,x
   0031 E3 E4         [ 6]   33 	addd	,s; addhi3,3
   0033 1E 01         [ 8]   34 	exg	d,x
   0035 E6 64         [ 5]   35 	ldb	4,s
   0037 E7 84         [ 4]   36 	stb	,x
   0039 6A E8 19      [ 7]   37 	dec	25,s
   003C 64 65         [ 7]   38 	lsr	5,s
   003E 66 66         [ 7]   39 	ror	6,s
   0040 E6 E8 19      [ 5]   40 	ldb	25,s
   0043 C1 FF         [ 2]   41 	cmpb	#-1	;cmpqi:
   0045 26 CA         [ 3]   42 	bne	L2
   0047 E6 67         [ 5]   43 	ldb	7,s
   0049 E7 E8 1B      [ 5]   44 	stb	27,s
   004C E6 E8 20      [ 5]   45 	ldb	32,s
   004F E7 E8 1A      [ 5]   46 	stb	26,s
   0052 BD`00`00      [ 8]   47 	jsr	___Reset0Ref
   0055 C6 7F         [ 2]   48 	ldb	#127
   0057 D7`00         [ 4]   49 	stb	*_dp_VIA_t1_cnt_lo
   0059 E6 E8 1B      [ 5]   50 	ldb	27,s
   005C E7 E8 1D      [ 5]   51 	stb	29,s
   005F E6 E8 1A      [ 5]   52 	ldb	26,s
   0062 E7 E8 1C      [ 5]   53 	stb	28,s
   0065 E6 E8 1D      [ 5]   54 	ldb	29,s
   0068 E7 E2         [ 6]   55 	stb	,-s
   006A E6 E8 1D      [ 5]   56 	ldb	29,s
   006D BD`00`00      [ 8]   57 	jsr	__Moveto_d
   0070 32 61         [ 5]   58 	leas	1,s
   0072 30 68         [ 5]   59 	leax	8,s
   0074 BD`00`00      [ 8]   60 	jsr	__Print_Str
   0077 32 E8 1E      [ 5]   61 	leas	30,s
   007A 39            [ 5]   62 	rts
ASxxxx Assembler V05.31  (Motorola 6809)                                Page 1
Hexadecimal [16-Bits]                                 Tue Mar 23 20:07:04 2021

Symbol Table

    .__.$$$.       =   2710 L   |     .__.ABS.       =   0000 G
    .__.CPU.       =   0000 L   |     .__.H$L.       =   0001 L
  2 L2                 0011 R   |     __Moveto_d         **** GX
    __Print_Str        **** GX  |     ___Reset0Ref       **** GX
    _dp_VIA_t1_cnt     **** GX  |   2 _print_long_bi     0000 GR

ASxxxx Assembler V05.31  (Motorola 6809)                                Page 2
Hexadecimal [16-Bits]                                 Tue Mar 23 20:07:04 2021

Area Table

[_CSEG]
   0 _CODE            size    0   flags C080
   2 .text            size   7B   flags  100
[_DSEG]
   1 _DATA            size    0   flags C0C0

