                              1 ;;; gcc for m6809 : Mar 17 2019 13:25:32
                              2 ;;; 4.3.6 (gcc6809)
                              3 ;;; ABI version 1
                              4 ;;; -mabi=bx -mint8 -fomit-frame-pointer -O0
                              5 	.module	print_long_signed_int.c
                              6 	.area	.text
                              7 	.globl	_print_long_signed_int
   0000                       8 _print_long_signed_int:
   0000 34 20         [ 6]    9 	pshs	y
   0002 32 E8 E7      [ 5]   10 	leas	-25,s
   0005 E7 6A         [ 5]   11 	stb	10,s
   0007 AF 68         [ 6]   12 	stx	8,s
   0009 AE 68         [ 6]   13 	ldx	8,s
   000B 8C 00 00      [ 4]   14 	cmpx	#0
   000E 2C 06         [ 3]   15 	bge	L2
   0010 C6 2D         [ 2]   16 	ldb	#45
   0012 E7 63         [ 5]   17 	stb	3,s
   0014 20 04         [ 3]   18 	bra	L3
   0016                      19 L2:
   0016 C6 2B         [ 2]   20 	ldb	#43
   0018 E7 63         [ 5]   21 	stb	3,s
   001A                      22 L3:
   001A E6 63         [ 5]   23 	ldb	3,s
   001C E7 6B         [ 5]   24 	stb	11,s
   001E C6 80         [ 2]   25 	ldb	#-128
   0020 E7 E8 11      [ 5]   26 	stb	17,s
   0023 C6 05         [ 2]   27 	ldb	#5
   0025 E7 E8 12      [ 5]   28 	stb	18,s
   0028 AE 68         [ 6]   29 	ldx	8,s
   002A 8C 00 00      [ 4]   30 	cmpx	#0
   002D 2C 0C         [ 3]   31 	bge	L4
   002F AE 68         [ 6]   32 	ldx	8,s
   0031 1F 10         [ 6]   33 	tfr	x,d
   0033 40            [ 2]   34 	nega
   0034 50            [ 2]   35 	negb
   0035 82 00         [ 2]   36 	sbca	#0
   0037 ED 64         [ 6]   37 	std	4,s
   0039 20 04         [ 3]   38 	bra	L5
   003B                      39 L4:
   003B AE 68         [ 6]   40 	ldx	8,s
   003D AF 64         [ 6]   41 	stx	4,s
   003F                      42 L5:
   003F EC 64         [ 6]   43 	ldd	4,s
   0041 ED E8 13      [ 6]   44 	std	19,s
   0044                      45 L6:
   0044 E6 E8 12      [ 5]   46 	ldb	18,s
   0047 E7 66         [ 5]   47 	stb	6,s
   0049 10 AE E8 13   [ 7]   48 	ldy	19,s
   004D 8E 00 0A      [ 3]   49 	ldx	#10
   0050 34 10         [ 6]   50 	pshs	x
   0052 30 A4         [ 4]   51 	leax	,y
   0054 BD`00`00      [ 8]   52 	jsr	_umodhi3
   0057 32 62         [ 5]   53 	leas	2,s
   0059 1F 10         [ 6]   54 	tfr	x,d	;movlsbqihi: R:x -> R:b
   005B E7 62         [ 5]   55 	stb	2,s
   005D E6 62         [ 5]   56 	ldb	2,s
   005F CB 30         [ 2]   57 	addb	#48
   0061 E7 67         [ 5]   58 	stb	7,s
   0063 E6 66         [ 5]   59 	ldb	6,s
   0065 4F            [ 2]   60 	clra		;zero_extendqihi: R:b -> R:d
   0066 ED E4         [ 5]   61 	std	,s
   0068 30 6B         [ 5]   62 	leax	11,s
   006A 1E 01         [ 8]   63 	exg	d,x
   006C E3 E4         [ 6]   64 	addd	,s; addhi3,3
   006E 1E 01         [ 8]   65 	exg	d,x
   0070 E6 67         [ 5]   66 	ldb	7,s
   0072 E7 84         [ 4]   67 	stb	,x
   0074 6A E8 12      [ 7]   68 	dec	18,s
   0077 10 AE E8 13   [ 7]   69 	ldy	19,s
   007B 8E 00 0A      [ 3]   70 	ldx	#10
   007E 34 10         [ 6]   71 	pshs	x
   0080 30 A4         [ 4]   72 	leax	,y
   0082 BD`00`00      [ 8]   73 	jsr	_udivhi3
   0085 32 62         [ 5]   74 	leas	2,s
   0087 AF E8 13      [ 6]   75 	stx	19,s
   008A 6D E8 12      [ 7]   76 	tst	18,s
   008D 26 B5         [ 3]   77 	bne	L6
   008F E6 6A         [ 5]   78 	ldb	10,s
   0091 E7 E8 16      [ 5]   79 	stb	22,s
   0094 E6 E8 1D      [ 5]   80 	ldb	29,s
   0097 E7 E8 15      [ 5]   81 	stb	21,s
   009A BD`00`00      [ 8]   82 	jsr	___Reset0Ref
   009D C6 7F         [ 2]   83 	ldb	#127
   009F D7`00         [ 4]   84 	stb	*_dp_VIA_t1_cnt_lo
   00A1 E6 E8 16      [ 5]   85 	ldb	22,s
   00A4 E7 E8 18      [ 5]   86 	stb	24,s
   00A7 E6 E8 15      [ 5]   87 	ldb	21,s
   00AA E7 E8 17      [ 5]   88 	stb	23,s
   00AD E6 E8 18      [ 5]   89 	ldb	24,s
   00B0 E7 E2         [ 6]   90 	stb	,-s
   00B2 E6 E8 18      [ 5]   91 	ldb	24,s
   00B5 BD`00`00      [ 8]   92 	jsr	__Moveto_d
   00B8 32 61         [ 5]   93 	leas	1,s
   00BA 30 6B         [ 5]   94 	leax	11,s
   00BC BD`00`00      [ 8]   95 	jsr	__Print_Str
   00BF 32 E8 19      [ 5]   96 	leas	25,s
   00C2 35 A0         [ 7]   97 	puls	y,pc
ASxxxx Assembler V05.31  (Motorola 6809)                                Page 1
Hexadecimal [16-Bits]                                 Wed Mar 24 14:56:20 2021

Symbol Table

    .__.$$$.       =   2710 L   |     .__.ABS.       =   0000 G
    .__.CPU.       =   0000 L   |     .__.H$L.       =   0001 L
  2 L2                 0016 R   |   2 L3                 001A R
  2 L4                 003B R   |   2 L5                 003F R
  2 L6                 0044 R   |     __Moveto_d         **** GX
    __Print_Str        **** GX  |     ___Reset0Ref       **** GX
    _dp_VIA_t1_cnt     **** GX  |   2 _print_long_si     0000 GR
    _udivhi3           **** GX  |     _umodhi3           **** GX

ASxxxx Assembler V05.31  (Motorola 6809)                                Page 2
Hexadecimal [16-Bits]                                 Wed Mar 24 14:56:20 2021

Area Table

[_CSEG]
   0 _CODE            size    0   flags C080
   2 .text            size   C4   flags  100
[_DSEG]
   1 _DATA            size    0   flags C0C0

